<?xml version="1.0" encoding="UTF-8"?>
<!-- Generated by org.testng.reporters.JUnitReportReporter -->
<testsuite skipped="0" hostname="PC-123" name="com.testMaven.one.TestMavenOne.PracticeTwo01TestNG" tests="1" failures="0" timestamp="17 Nov 2016 08:08:43 GMT" time="0.032" errors="0">
  <testcase name="test" time="0.032" classname="com.testMaven.one.TestMavenOne.PracticeTwo01TestNG"/>
</testsuite> <!-- com.testMaven.one.TestMavenOne.PracticeTwo01TestNG -->
